<?xml version="1.0" encoding="UTF-8"?>
<testng-results ignored="0" total="1" passed="1" failed="0" skipped="0">
  <reporter-output>
  </reporter-output>
  <suite started-at="2022-03-02T11:17:51 EST" name="Default suite" finished-at="2022-03-02T11:19:26 EST" duration-ms="95495">
    <groups>
    </groups>
    <test started-at="2022-03-02T11:17:51 EST" name="Default test" finished-at="2022-03-02T11:19:26 EST" duration-ms="95495">
      <class name="com.amazon.TestScripts.VerifyPriceForProducts_E">
        <test-method is-config="true" signature="openApplication()[pri:0, instance:com.amazon.TestScripts.VerifyPriceForProducts_E@66f57048]" started-at="2022-03-02T11:17:51 EST" name="openApplication" finished-at="2022-03-02T11:17:54 EST" duration-ms="3343" status="PASS">
          <reporter-output>
          </reporter-output>
        </test-method> <!-- openApplication -->
        <test-method signature="verifyProductPrice()[pri:0, instance:com.amazon.TestScripts.VerifyPriceForProducts_E@66f57048]" started-at="2022-03-02T11:17:54 EST" name="verifyProductPrice" finished-at="2022-03-02T11:19:22 EST" duration-ms="87968" status="PASS">
          <reporter-output>
          </reporter-output>
        </test-method> <!-- verifyProductPrice -->
        <test-method is-config="true" signature="closeApplication()[pri:0, instance:com.amazon.TestScripts.VerifyPriceForProducts_E@66f57048]" started-at="2022-03-02T11:19:22 EST" name="closeApplication" finished-at="2022-03-02T11:19:26 EST" duration-ms="4146" status="PASS">
          <reporter-output>
          </reporter-output>
        </test-method> <!-- closeApplication -->
      </class> <!-- com.amazon.TestScripts.VerifyPriceForProducts_E -->
    </test> <!-- Default test -->
  </suite> <!-- Default suite -->
</testng-results>
